CRITICAL - 2023-09-08 14:49:32 --> The framework needs the following extension(s) installed and loaded: intl, mbstring.
in SYSTEMPATH/CodeIgniter.php on line 246.
 1 SYSTEMPATH/CodeIgniter.php(246): CodeIgniter\Exceptions\FrameworkException::forMissingExtension()
 2 SYSTEMPATH/CodeIgniter.php(210): CodeIgniter\CodeIgniter->resolvePlatformExtensions()
 3 ROOTPATH/spark(88): CodeIgniter\CodeIgniter->initialize()
CRITICAL - 2023-09-08 14:49:32 --> Uncaught Error: Class "Locale" not found in /opt/lampp/htdocs/codeigniter4/system/I18n/TimeTrait.php:74
Stack trace:
#0 /opt/lampp/htdocs/codeigniter4/system/I18n/TimeTrait.php(115): CodeIgniter\I18n\Time->__construct()
#1 /opt/lampp/htdocs/codeigniter4/system/HTTP/ResponseTrait.php(468): CodeIgniter\I18n\Time::now()
#2 /opt/lampp/htdocs/codeigniter4/system/HTTP/ResponseTrait.php(446): CodeIgniter\HTTP\Response->sendHeaders()
#3 /opt/lampp/htdocs/codeigniter4/system/Debug/ExceptionHandler.php(78): CodeIgniter\HTTP\Response->send()
#4 /opt/lampp/htdocs/codeigniter4/system/Debug/Exceptions.php(147): CodeIgniter\Debug\ExceptionHandler->handle()
#5 [internal function]: CodeIgniter\Debug\Exceptions->exceptionHandler()
#6 {main}
  thrown
【Previous Exception】
CodeIgniter\Exceptions\FrameworkException
The framework needs the following extension(s) installed and loaded: intl, mbstring.
#0 /opt/lampp/htdocs/codeigniter4/system/CodeIgniter.php(246): CodeIgniter\Exceptions\FrameworkException::forMissingExtension()
#1 /opt/lampp/htdocs/codeigniter4/system/CodeIgniter.php(210): CodeIgniter\CodeIgniter->resolvePlatformExtensions()
#2 /opt/lampp/htdocs/codeigniter4/spark(88): CodeIgniter\CodeIgniter->initialize()
#3 {main}
in SYSTEMPATH/I18n/TimeTrait.php on line 74.
 1 [internal function]: CodeIgniter\Debug\Exceptions->shutdownHandler()
CRITICAL - 2023-09-08 15:08:17 --> The framework needs the following extension(s) installed and loaded: intl, mbstring.
in SYSTEMPATH/CodeIgniter.php on line 246.
 1 SYSTEMPATH/CodeIgniter.php(246): CodeIgniter\Exceptions\FrameworkException::forMissingExtension()
 2 SYSTEMPATH/CodeIgniter.php(210): CodeIgniter\CodeIgniter->resolvePlatformExtensions()
 3 ROOTPATH/spark(88): CodeIgniter\CodeIgniter->initialize()
CRITICAL - 2023-09-08 15:08:17 --> Uncaught Error: Class "Locale" not found in /opt/lampp/htdocs/codeigniter4/system/I18n/TimeTrait.php:74
Stack trace:
#0 /opt/lampp/htdocs/codeigniter4/system/I18n/TimeTrait.php(115): CodeIgniter\I18n\Time->__construct()
#1 /opt/lampp/htdocs/codeigniter4/system/HTTP/ResponseTrait.php(468): CodeIgniter\I18n\Time::now()
#2 /opt/lampp/htdocs/codeigniter4/system/HTTP/ResponseTrait.php(446): CodeIgniter\HTTP\Response->sendHeaders()
#3 /opt/lampp/htdocs/codeigniter4/system/Debug/ExceptionHandler.php(78): CodeIgniter\HTTP\Response->send()
#4 /opt/lampp/htdocs/codeigniter4/system/Debug/Exceptions.php(147): CodeIgniter\Debug\ExceptionHandler->handle()
#5 [internal function]: CodeIgniter\Debug\Exceptions->exceptionHandler()
#6 {main}
  thrown
【Previous Exception】
CodeIgniter\Exceptions\FrameworkException
The framework needs the following extension(s) installed and loaded: intl, mbstring.
#0 /opt/lampp/htdocs/codeigniter4/system/CodeIgniter.php(246): CodeIgniter\Exceptions\FrameworkException::forMissingExtension()
#1 /opt/lampp/htdocs/codeigniter4/system/CodeIgniter.php(210): CodeIgniter\CodeIgniter->resolvePlatformExtensions()
#2 /opt/lampp/htdocs/codeigniter4/spark(88): CodeIgniter\CodeIgniter->initialize()
#3 {main}
in SYSTEMPATH/I18n/TimeTrait.php on line 74.
 1 [internal function]: CodeIgniter\Debug\Exceptions->shutdownHandler()
CRITICAL - 2023-09-08 15:08:21 --> The framework needs the following extension(s) installed and loaded: intl, mbstring.
in SYSTEMPATH/CodeIgniter.php on line 246.
 1 SYSTEMPATH/CodeIgniter.php(246): CodeIgniter\Exceptions\FrameworkException::forMissingExtension()
 2 SYSTEMPATH/CodeIgniter.php(210): CodeIgniter\CodeIgniter->resolvePlatformExtensions()
 3 ROOTPATH/spark(88): CodeIgniter\CodeIgniter->initialize()
CRITICAL - 2023-09-08 15:08:21 --> Uncaught Error: Class "Locale" not found in /opt/lampp/htdocs/codeigniter4/system/I18n/TimeTrait.php:74
Stack trace:
#0 /opt/lampp/htdocs/codeigniter4/system/I18n/TimeTrait.php(115): CodeIgniter\I18n\Time->__construct()
#1 /opt/lampp/htdocs/codeigniter4/system/HTTP/ResponseTrait.php(468): CodeIgniter\I18n\Time::now()
#2 /opt/lampp/htdocs/codeigniter4/system/HTTP/ResponseTrait.php(446): CodeIgniter\HTTP\Response->sendHeaders()
#3 /opt/lampp/htdocs/codeigniter4/system/Debug/ExceptionHandler.php(78): CodeIgniter\HTTP\Response->send()
#4 /opt/lampp/htdocs/codeigniter4/system/Debug/Exceptions.php(147): CodeIgniter\Debug\ExceptionHandler->handle()
#5 [internal function]: CodeIgniter\Debug\Exceptions->exceptionHandler()
#6 {main}
  thrown
【Previous Exception】
CodeIgniter\Exceptions\FrameworkException
The framework needs the following extension(s) installed and loaded: intl, mbstring.
#0 /opt/lampp/htdocs/codeigniter4/system/CodeIgniter.php(246): CodeIgniter\Exceptions\FrameworkException::forMissingExtension()
#1 /opt/lampp/htdocs/codeigniter4/system/CodeIgniter.php(210): CodeIgniter\CodeIgniter->resolvePlatformExtensions()
#2 /opt/lampp/htdocs/codeigniter4/spark(88): CodeIgniter\CodeIgniter->initialize()
#3 {main}
in SYSTEMPATH/I18n/TimeTrait.php on line 74.
 1 [internal function]: CodeIgniter\Debug\Exceptions->shutdownHandler()
CRITICAL - 2023-09-08 15:19:50 --> The framework needs the following extension(s) installed and loaded: intl, mbstring.
in SYSTEMPATH/CodeIgniter.php on line 246.
 1 SYSTEMPATH/CodeIgniter.php(246): CodeIgniter\Exceptions\FrameworkException::forMissingExtension()
 2 SYSTEMPATH/CodeIgniter.php(210): CodeIgniter\CodeIgniter->resolvePlatformExtensions()
 3 ROOTPATH/spark(88): CodeIgniter\CodeIgniter->initialize()
CRITICAL - 2023-09-08 15:19:50 --> Uncaught Error: Class "Locale" not found in /opt/lampp/htdocs/codeigniter4/system/I18n/TimeTrait.php:74
Stack trace:
#0 /opt/lampp/htdocs/codeigniter4/system/I18n/TimeTrait.php(115): CodeIgniter\I18n\Time->__construct()
#1 /opt/lampp/htdocs/codeigniter4/system/HTTP/ResponseTrait.php(468): CodeIgniter\I18n\Time::now()
#2 /opt/lampp/htdocs/codeigniter4/system/HTTP/ResponseTrait.php(446): CodeIgniter\HTTP\Response->sendHeaders()
#3 /opt/lampp/htdocs/codeigniter4/system/Debug/ExceptionHandler.php(78): CodeIgniter\HTTP\Response->send()
#4 /opt/lampp/htdocs/codeigniter4/system/Debug/Exceptions.php(147): CodeIgniter\Debug\ExceptionHandler->handle()
#5 [internal function]: CodeIgniter\Debug\Exceptions->exceptionHandler()
#6 {main}
  thrown
【Previous Exception】
CodeIgniter\Exceptions\FrameworkException
The framework needs the following extension(s) installed and loaded: intl, mbstring.
#0 /opt/lampp/htdocs/codeigniter4/system/CodeIgniter.php(246): CodeIgniter\Exceptions\FrameworkException::forMissingExtension()
#1 /opt/lampp/htdocs/codeigniter4/system/CodeIgniter.php(210): CodeIgniter\CodeIgniter->resolvePlatformExtensions()
#2 /opt/lampp/htdocs/codeigniter4/spark(88): CodeIgniter\CodeIgniter->initialize()
#3 {main}
in SYSTEMPATH/I18n/TimeTrait.php on line 74.
 1 [internal function]: CodeIgniter\Debug\Exceptions->shutdownHandler()
CRITICAL - 2023-09-08 15:19:54 --> The framework needs the following extension(s) installed and loaded: intl, mbstring.
in SYSTEMPATH/CodeIgniter.php on line 246.
 1 SYSTEMPATH/CodeIgniter.php(246): CodeIgniter\Exceptions\FrameworkException::forMissingExtension()
 2 SYSTEMPATH/CodeIgniter.php(210): CodeIgniter\CodeIgniter->resolvePlatformExtensions()
 3 ROOTPATH/spark(88): CodeIgniter\CodeIgniter->initialize()
CRITICAL - 2023-09-08 15:19:54 --> Uncaught Error: Class "Locale" not found in /opt/lampp/htdocs/codeigniter4/system/I18n/TimeTrait.php:74
Stack trace:
#0 /opt/lampp/htdocs/codeigniter4/system/I18n/TimeTrait.php(115): CodeIgniter\I18n\Time->__construct()
#1 /opt/lampp/htdocs/codeigniter4/system/HTTP/ResponseTrait.php(468): CodeIgniter\I18n\Time::now()
#2 /opt/lampp/htdocs/codeigniter4/system/HTTP/ResponseTrait.php(446): CodeIgniter\HTTP\Response->sendHeaders()
#3 /opt/lampp/htdocs/codeigniter4/system/Debug/ExceptionHandler.php(78): CodeIgniter\HTTP\Response->send()
#4 /opt/lampp/htdocs/codeigniter4/system/Debug/Exceptions.php(147): CodeIgniter\Debug\ExceptionHandler->handle()
#5 [internal function]: CodeIgniter\Debug\Exceptions->exceptionHandler()
#6 {main}
  thrown
【Previous Exception】
CodeIgniter\Exceptions\FrameworkException
The framework needs the following extension(s) installed and loaded: intl, mbstring.
#0 /opt/lampp/htdocs/codeigniter4/system/CodeIgniter.php(246): CodeIgniter\Exceptions\FrameworkException::forMissingExtension()
#1 /opt/lampp/htdocs/codeigniter4/system/CodeIgniter.php(210): CodeIgniter\CodeIgniter->resolvePlatformExtensions()
#2 /opt/lampp/htdocs/codeigniter4/spark(88): CodeIgniter\CodeIgniter->initialize()
#3 {main}
in SYSTEMPATH/I18n/TimeTrait.php on line 74.
 1 [internal function]: CodeIgniter\Debug\Exceptions->shutdownHandler()
CRITICAL - 2023-09-08 15:21:53 --> The framework needs the following extension(s) installed and loaded: intl, mbstring.
in SYSTEMPATH/CodeIgniter.php on line 246.
 1 SYSTEMPATH/CodeIgniter.php(246): CodeIgniter\Exceptions\FrameworkException::forMissingExtension()
 2 SYSTEMPATH/CodeIgniter.php(210): CodeIgniter\CodeIgniter->resolvePlatformExtensions()
 3 ROOTPATH/spark(88): CodeIgniter\CodeIgniter->initialize()
CRITICAL - 2023-09-08 15:21:53 --> Uncaught Error: Class "Locale" not found in /opt/lampp/htdocs/codeigniter4/system/I18n/TimeTrait.php:74
Stack trace:
#0 /opt/lampp/htdocs/codeigniter4/system/I18n/TimeTrait.php(115): CodeIgniter\I18n\Time->__construct()
#1 /opt/lampp/htdocs/codeigniter4/system/HTTP/ResponseTrait.php(468): CodeIgniter\I18n\Time::now()
#2 /opt/lampp/htdocs/codeigniter4/system/HTTP/ResponseTrait.php(446): CodeIgniter\HTTP\Response->sendHeaders()
#3 /opt/lampp/htdocs/codeigniter4/system/Debug/ExceptionHandler.php(78): CodeIgniter\HTTP\Response->send()
#4 /opt/lampp/htdocs/codeigniter4/system/Debug/Exceptions.php(147): CodeIgniter\Debug\ExceptionHandler->handle()
#5 [internal function]: CodeIgniter\Debug\Exceptions->exceptionHandler()
#6 {main}
  thrown
【Previous Exception】
CodeIgniter\Exceptions\FrameworkException
The framework needs the following extension(s) installed and loaded: intl, mbstring.
#0 /opt/lampp/htdocs/codeigniter4/system/CodeIgniter.php(246): CodeIgniter\Exceptions\FrameworkException::forMissingExtension()
#1 /opt/lampp/htdocs/codeigniter4/system/CodeIgniter.php(210): CodeIgniter\CodeIgniter->resolvePlatformExtensions()
#2 /opt/lampp/htdocs/codeigniter4/spark(88): CodeIgniter\CodeIgniter->initialize()
#3 {main}
in SYSTEMPATH/I18n/TimeTrait.php on line 74.
 1 [internal function]: CodeIgniter\Debug\Exceptions->shutdownHandler()
CRITICAL - 2023-09-08 15:22:45 --> The framework needs the following extension(s) installed and loaded: intl, mbstring.
in SYSTEMPATH/CodeIgniter.php on line 246.
 1 SYSTEMPATH/CodeIgniter.php(246): CodeIgniter\Exceptions\FrameworkException::forMissingExtension()
 2 SYSTEMPATH/CodeIgniter.php(210): CodeIgniter\CodeIgniter->resolvePlatformExtensions()
 3 ROOTPATH/spark(88): CodeIgniter\CodeIgniter->initialize()
CRITICAL - 2023-09-08 15:22:45 --> Uncaught Error: Class "Locale" not found in /opt/lampp/htdocs/codeigniter4/system/I18n/TimeTrait.php:74
Stack trace:
#0 /opt/lampp/htdocs/codeigniter4/system/I18n/TimeTrait.php(115): CodeIgniter\I18n\Time->__construct()
#1 /opt/lampp/htdocs/codeigniter4/system/HTTP/ResponseTrait.php(468): CodeIgniter\I18n\Time::now()
#2 /opt/lampp/htdocs/codeigniter4/system/HTTP/ResponseTrait.php(446): CodeIgniter\HTTP\Response->sendHeaders()
#3 /opt/lampp/htdocs/codeigniter4/system/Debug/ExceptionHandler.php(78): CodeIgniter\HTTP\Response->send()
#4 /opt/lampp/htdocs/codeigniter4/system/Debug/Exceptions.php(147): CodeIgniter\Debug\ExceptionHandler->handle()
#5 [internal function]: CodeIgniter\Debug\Exceptions->exceptionHandler()
#6 {main}
  thrown
【Previous Exception】
CodeIgniter\Exceptions\FrameworkException
The framework needs the following extension(s) installed and loaded: intl, mbstring.
#0 /opt/lampp/htdocs/codeigniter4/system/CodeIgniter.php(246): CodeIgniter\Exceptions\FrameworkException::forMissingExtension()
#1 /opt/lampp/htdocs/codeigniter4/system/CodeIgniter.php(210): CodeIgniter\CodeIgniter->resolvePlatformExtensions()
#2 /opt/lampp/htdocs/codeigniter4/spark(88): CodeIgniter\CodeIgniter->initialize()
#3 {main}
in SYSTEMPATH/I18n/TimeTrait.php on line 74.
 1 [internal function]: CodeIgniter\Debug\Exceptions->shutdownHandler()
CRITICAL - 2023-09-08 15:25:12 --> The framework needs the following extension(s) installed and loaded: "mbstring".
in SYSTEMPATH/CodeIgniter.php on line 246.
 1 SYSTEMPATH/CodeIgniter.php(246): CodeIgniter\Exceptions\FrameworkException::forMissingExtension()
 2 SYSTEMPATH/CodeIgniter.php(210): CodeIgniter\CodeIgniter->resolvePlatformExtensions()
 3 ROOTPATH/spark(88): CodeIgniter\CodeIgniter->initialize()
CRITICAL - 2023-09-08 15:26:24 --> The framework needs the following extension(s) installed and loaded: "mbstring".
in SYSTEMPATH/CodeIgniter.php on line 246.
 1 SYSTEMPATH/CodeIgniter.php(246): CodeIgniter\Exceptions\FrameworkException::forMissingExtension()
 2 SYSTEMPATH/CodeIgniter.php(210): CodeIgniter\CodeIgniter->resolvePlatformExtensions()
 3 ROOTPATH/spark(88): CodeIgniter\CodeIgniter->initialize()
CRITICAL - 2023-09-08 15:39:23 --> The framework needs the following extension(s) installed and loaded: "mbstring".
in SYSTEMPATH/CodeIgniter.php on line 246.
 1 SYSTEMPATH/CodeIgniter.php(246): CodeIgniter\Exceptions\FrameworkException::forMissingExtension()
 2 SYSTEMPATH/CodeIgniter.php(210): CodeIgniter\CodeIgniter->resolvePlatformExtensions()
 3 ROOTPATH/spark(88): CodeIgniter\CodeIgniter->initialize()
