CRITICAL - 2023-09-10 19:14:30 --> Call to undefined function display_form_errors()
in APPPATH/Views/auth/register.php on line 34.
 1 SYSTEMPATH/View/View.php(226): include()
 2 SYSTEMPATH/View/View.php(229): CodeIgniter\View\View->CodeIgniter\View\{closure}()
 3 SYSTEMPATH/Common.php(1188): CodeIgniter\View\View->render()
 4 APPPATH/Controllers/Auth.php(62): view()
 5 SYSTEMPATH/CodeIgniter.php(919): App\Controllers\Auth->registerUser()
 6 SYSTEMPATH/CodeIgniter.php(494): CodeIgniter\CodeIgniter->runController()
 7 SYSTEMPATH/CodeIgniter.php(353): CodeIgniter\CodeIgniter->handleRequest()
 8 FCPATH/index.php(79): CodeIgniter\CodeIgniter->run()
 9 SYSTEMPATH/Commands/Server/rewrite.php(47): require_once('/opt/lampp/htdocs/codeigniter4/public/index.php')
CRITICAL - 2023-09-10 20:11:38 --> Undefined constant "CodeIgniter\Database\MySQLi\MYSQLI_STORE_RESULT"
in SYSTEMPATH/Database/Database.php on line 137.
 1 SYSTEMPATH/Database/Database.php(55): CodeIgniter\Database\Database->initDriver()
 2 SYSTEMPATH/Database/Config.php(81): CodeIgniter\Database\Database->load()
 3 SYSTEMPATH/Model.php(151): CodeIgniter\Database\Config::connect()
 4 APPPATH/Controllers/Auth.php(71): CodeIgniter\Model->__construct()
 5 SYSTEMPATH/CodeIgniter.php(919): App\Controllers\Auth->registerUser()
 6 SYSTEMPATH/CodeIgniter.php(494): CodeIgniter\CodeIgniter->runController()
 7 SYSTEMPATH/CodeIgniter.php(353): CodeIgniter\CodeIgniter->handleRequest()
 8 FCPATH/index.php(79): CodeIgniter\CodeIgniter->run()
 9 SYSTEMPATH/Commands/Server/rewrite.php(47): require_once('/opt/lampp/htdocs/codeigniter4/public/index.php')
CRITICAL - 2023-09-10 20:16:11 --> Undefined constant "CodeIgniter\Database\MySQLi\MYSQLI_STORE_RESULT"
in SYSTEMPATH/Database/Database.php on line 137.
 1 SYSTEMPATH/Database/Database.php(55): CodeIgniter\Database\Database->initDriver()
 2 SYSTEMPATH/Database/Config.php(81): CodeIgniter\Database\Database->load()
 3 SYSTEMPATH/Model.php(151): CodeIgniter\Database\Config::connect()
 4 APPPATH/Controllers/Auth.php(72): CodeIgniter\Model->__construct()
 5 SYSTEMPATH/CodeIgniter.php(919): App\Controllers\Auth->registerUser()
 6 SYSTEMPATH/CodeIgniter.php(494): CodeIgniter\CodeIgniter->runController()
 7 SYSTEMPATH/CodeIgniter.php(353): CodeIgniter\CodeIgniter->handleRequest()
 8 FCPATH/index.php(79): CodeIgniter\CodeIgniter->run()
 9 SYSTEMPATH/Commands/Server/rewrite.php(47): require_once('/opt/lampp/htdocs/codeigniter4/public/index.php')
CRITICAL - 2023-09-10 20:28:54 --> Undefined constant "CodeIgniter\Database\MySQLi\MYSQLI_STORE_RESULT"
in SYSTEMPATH/Database/Database.php on line 137.
 1 SYSTEMPATH/Database/Database.php(55): CodeIgniter\Database\Database->initDriver()
 2 SYSTEMPATH/Database/Config.php(81): CodeIgniter\Database\Database->load()
 3 SYSTEMPATH/Model.php(151): CodeIgniter\Database\Config::connect()
 4 APPPATH/Controllers/Auth.php(72): CodeIgniter\Model->__construct()
 5 SYSTEMPATH/CodeIgniter.php(919): App\Controllers\Auth->registerUser()
 6 SYSTEMPATH/CodeIgniter.php(494): CodeIgniter\CodeIgniter->runController()
 7 SYSTEMPATH/CodeIgniter.php(353): CodeIgniter\CodeIgniter->handleRequest()
 8 FCPATH/index.php(79): CodeIgniter\CodeIgniter->run()
 9 SYSTEMPATH/Commands/Server/rewrite.php(47): require_once('/opt/lampp/htdocs/codeigniter4/public/index.php')
CRITICAL - 2023-09-10 20:46:00 --> Undefined constant "CodeIgniter\Database\MySQLi\MYSQLI_STORE_RESULT"
in SYSTEMPATH/Database/Database.php on line 137.
 1 SYSTEMPATH/Database/Database.php(55): CodeIgniter\Database\Database->initDriver()
 2 SYSTEMPATH/Database/Config.php(81): CodeIgniter\Database\Database->load()
 3 SYSTEMPATH/Model.php(151): CodeIgniter\Database\Config::connect()
 4 APPPATH/Controllers/Auth.php(72): CodeIgniter\Model->__construct()
 5 SYSTEMPATH/CodeIgniter.php(919): App\Controllers\Auth->registerUser()
 6 SYSTEMPATH/CodeIgniter.php(494): CodeIgniter\CodeIgniter->runController()
 7 SYSTEMPATH/CodeIgniter.php(353): CodeIgniter\CodeIgniter->handleRequest()
 8 FCPATH/index.php(79): CodeIgniter\CodeIgniter->run()
 9 SYSTEMPATH/Commands/Server/rewrite.php(47): require_once('/opt/lampp/htdocs/codeigniter4/public/index.php')
CRITICAL - 2023-09-10 20:52:34 --> Undefined constant "CodeIgniter\Database\MySQLi\MYSQLI_STORE_RESULT"
in SYSTEMPATH/Database/Database.php on line 137.
 1 SYSTEMPATH/Database/Database.php(55): CodeIgniter\Database\Database->initDriver()
 2 SYSTEMPATH/Database/Config.php(81): CodeIgniter\Database\Database->load()
 3 SYSTEMPATH/Model.php(151): CodeIgniter\Database\Config::connect()
 4 APPPATH/Controllers/Auth.php(72): CodeIgniter\Model->__construct()
 5 SYSTEMPATH/CodeIgniter.php(919): App\Controllers\Auth->registerUser()
 6 SYSTEMPATH/CodeIgniter.php(494): CodeIgniter\CodeIgniter->runController()
 7 SYSTEMPATH/CodeIgniter.php(353): CodeIgniter\CodeIgniter->handleRequest()
 8 FCPATH/index.php(79): CodeIgniter\CodeIgniter->run()
 9 SYSTEMPATH/Commands/Server/rewrite.php(47): require_once('/opt/lampp/htdocs/codeigniter4/public/index.php')
CRITICAL - 2023-09-10 20:57:51 --> Undefined constant "CodeIgniter\Database\MySQLi\MYSQLI_STORE_RESULT"
in SYSTEMPATH/Database/Database.php on line 137.
 1 SYSTEMPATH/Database/Database.php(55): CodeIgniter\Database\Database->initDriver()
 2 SYSTEMPATH/Database/Config.php(81): CodeIgniter\Database\Database->load()
 3 SYSTEMPATH/Model.php(151): CodeIgniter\Database\Config::connect()
 4 APPPATH/Controllers/Auth.php(72): CodeIgniter\Model->__construct()
 5 SYSTEMPATH/CodeIgniter.php(919): App\Controllers\Auth->registerUser()
 6 SYSTEMPATH/CodeIgniter.php(494): CodeIgniter\CodeIgniter->runController()
 7 SYSTEMPATH/CodeIgniter.php(353): CodeIgniter\CodeIgniter->handleRequest()
 8 FCPATH/index.php(79): CodeIgniter\CodeIgniter->run()
 9 SYSTEMPATH/Commands/Server/rewrite.php(47): require_once('/opt/lampp/htdocs/codeigniter4/public/index.php')
CRITICAL - 2023-09-10 20:57:55 --> Undefined constant "CodeIgniter\Database\MySQLi\MYSQLI_STORE_RESULT"
in SYSTEMPATH/Database/Database.php on line 137.
 1 SYSTEMPATH/Database/Database.php(55): CodeIgniter\Database\Database->initDriver()
 2 SYSTEMPATH/Database/Config.php(81): CodeIgniter\Database\Database->load()
 3 SYSTEMPATH/Model.php(151): CodeIgniter\Database\Config::connect()
 4 APPPATH/Controllers/Auth.php(72): CodeIgniter\Model->__construct()
 5 SYSTEMPATH/CodeIgniter.php(919): App\Controllers\Auth->registerUser()
 6 SYSTEMPATH/CodeIgniter.php(494): CodeIgniter\CodeIgniter->runController()
 7 SYSTEMPATH/CodeIgniter.php(353): CodeIgniter\CodeIgniter->handleRequest()
 8 FCPATH/index.php(79): CodeIgniter\CodeIgniter->run()
 9 SYSTEMPATH/Commands/Server/rewrite.php(47): require_once('/opt/lampp/htdocs/codeigniter4/public/index.php')
CRITICAL - 2023-09-10 21:28:10 --> Namespace declaration statement has to be the very first statement or after any declare call in the script
in SYSTEMPATH/Database/Database.php on line 12.
 1 [internal function]: CodeIgniter\Debug\Exceptions->shutdownHandler()
CRITICAL - 2023-09-10 21:29:51 --> Undefined constant "CodeIgniter\Database\MySQLi\MYSQLI_STORE_RESULT"
in SYSTEMPATH/Database/Database.php on line 137.
 1 SYSTEMPATH/Database/Database.php(55): CodeIgniter\Database\Database->initDriver()
 2 SYSTEMPATH/Database/Config.php(81): CodeIgniter\Database\Database->load()
 3 SYSTEMPATH/Model.php(151): CodeIgniter\Database\Config::connect()
 4 APPPATH/Controllers/Auth.php(72): CodeIgniter\Model->__construct()
 5 SYSTEMPATH/CodeIgniter.php(919): App\Controllers\Auth->registerUser()
 6 SYSTEMPATH/CodeIgniter.php(494): CodeIgniter\CodeIgniter->runController()
 7 SYSTEMPATH/CodeIgniter.php(353): CodeIgniter\CodeIgniter->handleRequest()
 8 FCPATH/index.php(79): CodeIgniter\CodeIgniter->run()
 9 SYSTEMPATH/Commands/Server/rewrite.php(47): require_once('/opt/lampp/htdocs/codeigniter4/public/index.php')
CRITICAL - 2023-09-10 21:30:30 --> Namespace declaration statement has to be the very first statement or after any declare call in the script
in SYSTEMPATH/Database/Database.php on line 12.
 1 [internal function]: CodeIgniter\Debug\Exceptions->shutdownHandler()
CRITICAL - 2023-09-10 21:47:44 --> Undefined constant "CodeIgniter\Database\MySQLi\MYSQLI_STORE_RESULT"
in SYSTEMPATH/Database/Database.php on line 138.
 1 SYSTEMPATH/Database/Database.php(56): CodeIgniter\Database\Database->initDriver()
 2 SYSTEMPATH/Database/Config.php(81): CodeIgniter\Database\Database->load()
 3 SYSTEMPATH/Model.php(151): CodeIgniter\Database\Config::connect()
 4 APPPATH/Controllers/Auth.php(72): CodeIgniter\Model->__construct()
 5 SYSTEMPATH/CodeIgniter.php(919): App\Controllers\Auth->registerUser()
 6 SYSTEMPATH/CodeIgniter.php(494): CodeIgniter\CodeIgniter->runController()
 7 SYSTEMPATH/CodeIgniter.php(353): CodeIgniter\CodeIgniter->handleRequest()
 8 FCPATH/index.php(79): CodeIgniter\CodeIgniter->run()
 9 SYSTEMPATH/Commands/Server/rewrite.php(47): require_once('/opt/lampp/htdocs/codeigniter4/public/index.php')
